<?xml version="1.0" encoding="UTF-8"?>
<!-- Generated by org.testng.reporters.JUnitReportReporter -->
<testsuite skipped="0" hostname="Swapnesh" name="cases.Tryclass" tests="4" failures="0" timestamp="19 Jul 2019 10:59:08 GMT" time="21.511" errors="0">
  <testcase name="Employeepage" time="1.047" classname="cases.Tryclass"/>
  <testcase name="emp_page" time="10.375" classname="cases.Tryclass"/>
  <testcase name="Emailtextblock" time="3.987" classname="cases.Tryclass"/>
  <testcase name="BaseNavigation" time="6.102" classname="cases.Tryclass"/>
</testsuite> <!-- cases.Tryclass -->
