<?xml version="1.0" encoding="UTF-8"?>
<!-- Generated by org.testng.reporters.JUnitReportReporter -->
<testsuite skipped="0" hostname="Swapnesh" name="cases.Department_add" tests="3" failures="0" timestamp="23 Jul 2019 07:07:41 GMT" time="27.881" errors="0">
  <testcase name="Emailtextblock" time="9.764" classname="cases.Department_add"/>
  <testcase name="add_department" time="5.455" classname="cases.Department_add"/>
  <testcase name="BaseNavigation" time="12.662" classname="cases.Department_add"/>
</testsuite> <!-- cases.Department_add -->
