<?xml version="1.0" encoding="UTF-8"?>
<!-- Generated by org.testng.reporters.JUnitReportReporter -->
<testsuite skipped="0" hostname="Swapnesh" name="cases.AdminEmployee" tests="3" failures="0" timestamp="23 Jul 2019 07:07:41 GMT" time="32.678" errors="0">
  <testcase name="employee" time="23.361" classname="cases.AdminEmployee"/>
  <testcase name="Emailtextblock" time="3.823" classname="cases.AdminEmployee"/>
  <testcase name="BaseNavigation" time="5.494" classname="cases.AdminEmployee"/>
</testsuite> <!-- cases.AdminEmployee -->
