<?xml version="1.0" encoding="UTF-8"?>
<!-- Generated by org.testng.reporters.JUnitReportReporter -->
<testsuite skipped="0" hostname="Swapnesh" name="cases.Department_view" tests="5" failures="0" timestamp="23 Jul 2019 07:07:41 GMT" time="42.379" errors="0">
  <testcase name="BaseNavigation" time="5.467" classname="cases.Department_view"/>
  <testcase name="Emailtextblock" time="3.934" classname="cases.Department_view"/>
  <testcase name="deletedept" time="3.770" classname="cases.Department_view"/>
  <testcase name="deptView" time="6.044" classname="cases.Department_view"/>
  <testcase name="addEmpinDept" time="23.164" classname="cases.Department_view"/>
</testsuite> <!-- cases.Department_view -->
