<?xml version="1.0" encoding="UTF-8"?>
<!-- Generated by org.testng.reporters.JUnitReportReporter -->
<testsuite skipped="0" hostname="Swapnesh" name="cases.HomePage" tests="10" failures="0" timestamp="10 Jul 2019 07:04:19 GMT" time="28.170" errors="0">
  <testcase name="loginlink" time="4.647" classname="cases.HomePage"/>
  <testcase name="BaseNavigation" time="5.946" classname="cases.HomePage"/>
  <testcase name="Twitter" time="0.884" classname="cases.HomePage"/>
  <testcase name="NavbarWhyUs" time="1.906" classname="cases.HomePage"/>
  <testcase name="EMSButton" time="1.586" classname="cases.HomePage"/>
  <testcase name="NavbarHome" time="6.698" classname="cases.HomePage"/>
  <testcase name="NavbarPricing" time="1.971" classname="cases.HomePage"/>
  <testcase name="RegistrationGetEMS" time="1.694" classname="cases.HomePage"/>
  <testcase name="NavbarReqDemo" time="1.890" classname="cases.HomePage"/>
  <testcase name="Facebook" time="0.948" classname="cases.HomePage"/>
</testsuite> <!-- cases.HomePage -->
