<?xml version="1.0" encoding="UTF-8"?>
<!-- Generated by org.testng.reporters.JUnitReportReporter -->
<testsuite skipped="0" hostname="Swapnesh" name="cases.AdminEmployee" tests="3" failures="0" timestamp="10 Jul 2019 07:04:19 GMT" time="11.289" errors="0">
  <testcase name="Emailtextblock" time="4.076" classname="cases.AdminEmployee"/>
  <testcase name="employee" time="1.361" classname="cases.AdminEmployee"/>
  <testcase name="BaseNavigation" time="5.852" classname="cases.AdminEmployee"/>
</testsuite> <!-- cases.AdminEmployee -->
