<?xml version="1.0" encoding="UTF-8"?>
<!-- Generated by org.testng.reporters.JUnitReportReporter -->
<testsuite skipped="0" hostname="Swapnesh" name="cases.LoginPage" tests="6" failures="0" timestamp="10 Jul 2019 07:04:19 GMT" time="10.488" errors="0">
  <testcase name="NeedAccount" time="0.943" classname="cases.LoginPage"/>
  <testcase name="Emailtextblock" time="1.325" classname="cases.LoginPage"/>
  <testcase name="BaseNavigation" time="6.184" classname="cases.LoginPage"/>
  <testcase name="Emailtextblock" time="1.277" classname="cases.LoginPage"/>
  <testcase name="title" time="0.074" classname="cases.LoginPage"/>
  <testcase name="forgetpassword" time="0.685" classname="cases.LoginPage"/>
</testsuite> <!-- cases.LoginPage -->
